{"E:\\trabalho\\todo-api\\src\\app.js": {"path":"E:\\trabalho\\todo-api\\src\\app.js","statementMap":{"0":{"start":{"line":1,"column":16},"end":{"line":1,"column":34}},"1":{"start":{"line":2,"column":20},"end":{"line":2,"column":45}},"2":{"start":{"line":4,"column":12},"end":{"line":4,"column":21}},"3":{"start":{"line":6,"column":0},"end":{"line":6,"column":24}},"4":{"start":{"line":8,"column":0},"end":{"line":20,"column":3}},"5":{"start":{"line":9,"column":2},"end":{"line":19,"column":5}},"6":{"start":{"line":22,"column":0},"end":{"line":22,"column":31}},"7":{"start":{"line":24,"column":0},"end":{"line":27,"column":3}},"8":{"start":{"line":25,"column":2},"end":{"line":25,"column":27}},"9":{"start":{"line":26,"column":2},"end":{"line":26,"column":62}},"10":{"start":{"line":29,"column":0},"end":{"line":31,"column":3}},"11":{"start":{"line":30,"column":2},"end":{"line":30,"column":57}},"12":{"start":{"line":33,"column":13},"end":{"line":33,"column":37}},"13":{"start":{"line":35,"column":0},"end":{"line":39,"column":1}},"14":{"start":{"line":36,"column":2},"end":{"line":38,"column":5}},"15":{"start":{"line":37,"column":4},"end":{"line":37,"column":53}},"16":{"start":{"line":41,"column":0},"end":{"line":41,"column":21}}},"fnMap":{"0":{"name":"(anonymous_0)","decl":{"start":{"line":8,"column":13},"end":{"line":8,"column":14}},"loc":{"start":{"line":8,"column":27},"end":{"line":20,"column":1}},"line":8},"1":{"name":"(anonymous_1)","decl":{"start":{"line":24,"column":8},"end":{"line":24,"column":9}},"loc":{"start":{"line":24,"column":33},"end":{"line":27,"column":1}},"line":24},"2":{"name":"(anonymous_2)","decl":{"start":{"line":29,"column":8},"end":{"line":29,"column":9}},"loc":{"start":{"line":29,"column":22},"end":{"line":31,"column":1}},"line":29},"3":{"name":"(anonymous_3)","decl":{"start":{"line":36,"column":19},"end":{"line":36,"column":20}},"loc":{"start":{"line":36,"column":25},"end":{"line":38,"column":3}},"line":36}},"branchMap":{"0":{"loc":{"start":{"line":33,"column":13},"end":{"line":33,"column":37}},"type":"binary-expr","locations":[{"start":{"line":33,"column":13},"end":{"line":33,"column":29}},{"start":{"line":33,"column":33},"end":{"line":33,"column":37}}],"line":33},"1":{"loc":{"start":{"line":35,"column":0},"end":{"line":39,"column":1}},"type":"if","locations":[{"start":{"line":35,"column":0},"end":{"line":39,"column":1}},{"start":{},"end":{}}],"line":35}},"s":{"0":1,"1":1,"2":1,"3":1,"4":1,"5":1,"6":1,"7":1,"8":0,"9":0,"10":1,"11":0,"12":1,"13":1,"14":0,"15":0,"16":1},"f":{"0":1,"1":0,"2":0,"3":0},"b":{"0":[1,1],"1":[0,1]},"_coverageSchema":"1a1c01bbd47fc00a2c39e90264f33305004495a9","hash":"56c8550f702063286ad79f8733b390a386a961e8"}
,"E:\\trabalho\\todo-api\\src\\controllers\\tasksController.js": {"path":"E:\\trabalho\\todo-api\\src\\controllers\\tasksController.js","statementMap":{"0":{"start":{"line":1,"column":23},"end":{"line":1,"column":38}},"1":{"start":{"line":3,"column":12},"end":{"line":3,"column":14}},"2":{"start":{"line":5,"column":20},"end":{"line":30,"column":1}},"3":{"start":{"line":6,"column":31},"end":{"line":6,"column":40}},"4":{"start":{"line":7,"column":15},"end":{"line":7,"column":25}},"5":{"start":{"line":9,"column":2},"end":{"line":17,"column":3}},"6":{"start":{"line":10,"column":26},"end":{"line":10,"column":67}},"7":{"start":{"line":11,"column":4},"end":{"line":15,"column":5}},"8":{"start":{"line":12,"column":6},"end":{"line":14,"column":9}},"9":{"start":{"line":16,"column":4},"end":{"line":16,"column":55}},"10":{"start":{"line":16,"column":34},"end":{"line":16,"column":53}},"11":{"start":{"line":19,"column":2},"end":{"line":27,"column":3}},"12":{"start":{"line":20,"column":28},"end":{"line":20,"column":54}},"13":{"start":{"line":21,"column":4},"end":{"line":25,"column":5}},"14":{"start":{"line":22,"column":6},"end":{"line":24,"column":9}},"15":{"start":{"line":26,"column":4},"end":{"line":26,"column":59}},"16":{"start":{"line":26,"column":34},"end":{"line":26,"column":57}},"17":{"start":{"line":29,"column":2},"end":{"line":29,"column":52}},"18":{"start":{"line":32,"column":20},"end":{"line":40,"column":1}},"19":{"start":{"line":33,"column":15},"end":{"line":33,"column":56}},"20":{"start":{"line":33,"column":33},"end":{"line":33,"column":55}},"21":{"start":{"line":35,"column":2},"end":{"line":37,"column":3}},"22":{"start":{"line":36,"column":4},"end":{"line":36,"column":68}},"23":{"start":{"line":39,"column":2},"end":{"line":39,"column":17}},"24":{"start":{"line":42,"column":19},"end":{"line":70,"column":1}},"25":{"start":{"line":43,"column":43},"end":{"line":43,"column":51}},"26":{"start":{"line":45,"column":2},"end":{"line":47,"column":3}},"27":{"start":{"line":46,"column":4},"end":{"line":46,"column":76}},"28":{"start":{"line":49,"column":26},"end":{"line":49,"column":52}},"29":{"start":{"line":50,"column":23},"end":{"line":50,"column":42}},"30":{"start":{"line":52,"column":2},"end":{"line":56,"column":3}},"31":{"start":{"line":53,"column":4},"end":{"line":55,"column":7}},"32":{"start":{"line":58,"column":18},"end":{"line":66,"column":3}},"33":{"start":{"line":68,"column":2},"end":{"line":68,"column":22}},"34":{"start":{"line":69,"column":2},"end":{"line":69,"column":32}},"35":{"start":{"line":72,"column":19},"end":{"line":110,"column":1}},"36":{"start":{"line":73,"column":20},"end":{"line":73,"column":66}},"37":{"start":{"line":73,"column":43},"end":{"line":73,"column":65}},"38":{"start":{"line":75,"column":2},"end":{"line":77,"column":3}},"39":{"start":{"line":76,"column":4},"end":{"line":76,"column":68}},"40":{"start":{"line":79,"column":51},"end":{"line":79,"column":59}},"41":{"start":{"line":80,"column":24},"end":{"line":80,"column":65}},"42":{"start":{"line":81,"column":26},"end":{"line":81,"column":52}},"43":{"start":{"line":83,"column":2},"end":{"line":87,"column":3}},"44":{"start":{"line":84,"column":4},"end":{"line":86,"column":7}},"45":{"start":{"line":89,"column":2},"end":{"line":93,"column":3}},"46":{"start":{"line":90,"column":4},"end":{"line":92,"column":7}},"47":{"start":{"line":95,"column":2},"end":{"line":97,"column":3}},"48":{"start":{"line":96,"column":4},"end":{"line":96,"column":81}},"49":{"start":{"line":99,"column":22},"end":{"line":106,"column":3}},"50":{"start":{"line":108,"column":2},"end":{"line":108,"column":33}},"51":{"start":{"line":109,"column":2},"end":{"line":109,"column":24}},"52":{"start":{"line":112,"column":19},"end":{"line":121,"column":1}},"53":{"start":{"line":113,"column":20},"end":{"line":113,"column":66}},"54":{"start":{"line":113,"column":43},"end":{"line":113,"column":65}},"55":{"start":{"line":115,"column":2},"end":{"line":117,"column":3}},"56":{"start":{"line":116,"column":4},"end":{"line":116,"column":68}},"57":{"start":{"line":119,"column":2},"end":{"line":119,"column":29}},"58":{"start":{"line":120,"column":2},"end":{"line":120,"column":25}},"59":{"start":{"line":123,"column":19},"end":{"line":125,"column":1}},"60":{"start":{"line":124,"column":2},"end":{"line":124,"column":13}},"61":{"start":{"line":127,"column":0},"end":{"line":134,"column":2}}},"fnMap":{"0":{"name":"(anonymous_0)","decl":{"start":{"line":5,"column":20},"end":{"line":5,"column":21}},"loc":{"start":{"line":5,"column":34},"end":{"line":30,"column":1}},"line":5},"1":{"name":"(anonymous_1)","decl":{"start":{"line":16,"column":27},"end":{"line":16,"column":28}},"loc":{"start":{"line":16,"column":34},"end":{"line":16,"column":53}},"line":16},"2":{"name":"(anonymous_2)","decl":{"start":{"line":26,"column":27},"end":{"line":26,"column":28}},"loc":{"start":{"line":26,"column":34},"end":{"line":26,"column":57}},"line":26},"3":{"name":"(anonymous_3)","decl":{"start":{"line":32,"column":20},"end":{"line":32,"column":21}},"loc":{"start":{"line":32,"column":34},"end":{"line":40,"column":1}},"line":32},"4":{"name":"(anonymous_4)","decl":{"start":{"line":33,"column":26},"end":{"line":33,"column":27}},"loc":{"start":{"line":33,"column":33},"end":{"line":33,"column":55}},"line":33},"5":{"name":"(anonymous_5)","decl":{"start":{"line":42,"column":19},"end":{"line":42,"column":20}},"loc":{"start":{"line":42,"column":33},"end":{"line":70,"column":1}},"line":42},"6":{"name":"(anonymous_6)","decl":{"start":{"line":72,"column":19},"end":{"line":72,"column":20}},"loc":{"start":{"line":72,"column":33},"end":{"line":110,"column":1}},"line":72},"7":{"name":"(anonymous_7)","decl":{"start":{"line":73,"column":36},"end":{"line":73,"column":37}},"loc":{"start":{"line":73,"column":43},"end":{"line":73,"column":65}},"line":73},"8":{"name":"(anonymous_8)","decl":{"start":{"line":112,"column":19},"end":{"line":112,"column":20}},"loc":{"start":{"line":112,"column":33},"end":{"line":121,"column":1}},"line":112},"9":{"name":"(anonymous_9)","decl":{"start":{"line":113,"column":36},"end":{"line":113,"column":37}},"loc":{"start":{"line":113,"column":43},"end":{"line":113,"column":65}},"line":113},"10":{"name":"(anonymous_10)","decl":{"start":{"line":123,"column":19},"end":{"line":123,"column":20}},"loc":{"start":{"line":123,"column":25},"end":{"line":125,"column":1}},"line":123}},"branchMap":{"0":{"loc":{"start":{"line":9,"column":2},"end":{"line":17,"column":3}},"type":"if","locations":[{"start":{"line":9,"column":2},"end":{"line":17,"column":3}},{"start":{},"end":{}}],"line":9},"1":{"loc":{"start":{"line":11,"column":4},"end":{"line":15,"column":5}},"type":"if","locations":[{"start":{"line":11,"column":4},"end":{"line":15,"column":5}},{"start":{},"end":{}}],"line":11},"2":{"loc":{"start":{"line":19,"column":2},"end":{"line":27,"column":3}},"type":"if","locations":[{"start":{"line":19,"column":2},"end":{"line":27,"column":3}},{"start":{},"end":{}}],"line":19},"3":{"loc":{"start":{"line":21,"column":4},"end":{"line":25,"column":5}},"type":"if","locations":[{"start":{"line":21,"column":4},"end":{"line":25,"column":5}},{"start":{},"end":{}}],"line":21},"4":{"loc":{"start":{"line":35,"column":2},"end":{"line":37,"column":3}},"type":"if","locations":[{"start":{"line":35,"column":2},"end":{"line":37,"column":3}},{"start":{},"end":{}}],"line":35},"5":{"loc":{"start":{"line":45,"column":2},"end":{"line":47,"column":3}},"type":"if","locations":[{"start":{"line":45,"column":2},"end":{"line":47,"column":3}},{"start":{},"end":{}}],"line":45},"6":{"loc":{"start":{"line":45,"column":6},"end":{"line":45,"column":64}},"type":"binary-expr","locations":[{"start":{"line":45,"column":6},"end":{"line":45,"column":12}},{"start":{"line":45,"column":16},"end":{"line":45,"column":41}},{"start":{"line":45,"column":45},"end":{"line":45,"column":64}}],"line":45},"7":{"loc":{"start":{"line":50,"column":23},"end":{"line":50,"column":42}},"type":"binary-expr","locations":[{"start":{"line":50,"column":23},"end":{"line":50,"column":31}},{"start":{"line":50,"column":35},"end":{"line":50,"column":42}}],"line":50},"8":{"loc":{"start":{"line":52,"column":2},"end":{"line":56,"column":3}},"type":"if","locations":[{"start":{"line":52,"column":2},"end":{"line":56,"column":3}},{"start":{},"end":{}}],"line":52},"9":{"loc":{"start":{"line":61,"column":17},"end":{"line":61,"column":54}},"type":"cond-expr","locations":[{"start":{"line":61,"column":31},"end":{"line":61,"column":49}},{"start":{"line":61,"column":52},"end":{"line":61,"column":54}}],"line":61},"10":{"loc":{"start":{"line":75,"column":2},"end":{"line":77,"column":3}},"type":"if","locations":[{"start":{"line":75,"column":2},"end":{"line":77,"column":3}},{"start":{},"end":{}}],"line":75},"11":{"loc":{"start":{"line":83,"column":2},"end":{"line":87,"column":3}},"type":"if","locations":[{"start":{"line":83,"column":2},"end":{"line":87,"column":3}},{"start":{},"end":{}}],"line":83},"12":{"loc":{"start":{"line":83,"column":6},"end":{"line":83,"column":47}},"type":"binary-expr","locations":[{"start":{"line":83,"column":6},"end":{"line":83,"column":12}},{"start":{"line":83,"column":16},"end":{"line":83,"column":47}}],"line":83},"13":{"loc":{"start":{"line":89,"column":2},"end":{"line":93,"column":3}},"type":"if","locations":[{"start":{"line":89,"column":2},"end":{"line":93,"column":3}},{"start":{},"end":{}}],"line":89},"14":{"loc":{"start":{"line":89,"column":6},"end":{"line":89,"column":53}},"type":"binary-expr","locations":[{"start":{"line":89,"column":6},"end":{"line":89,"column":14}},{"start":{"line":89,"column":18},"end":{"line":89,"column":53}}],"line":89},"15":{"loc":{"start":{"line":95,"column":2},"end":{"line":97,"column":3}},"type":"if","locations":[{"start":{"line":95,"column":2},"end":{"line":97,"column":3}},{"start":{},"end":{}}],"line":95},"16":{"loc":{"start":{"line":95,"column":6},"end":{"line":95,"column":79}},"type":"binary-expr","locations":[{"start":{"line":95,"column":6},"end":{"line":95,"column":25}},{"start":{"line":95,"column":30},"end":{"line":95,"column":55}},{"start":{"line":95,"column":59},"end":{"line":95,"column":78}}],"line":95},"17":{"loc":{"start":{"line":101,"column":8},"end":{"line":101,"column":54}},"type":"binary-expr","locations":[{"start":{"line":101,"column":8},"end":{"line":101,"column":27}},{"start":{"line":101,"column":31},"end":{"line":101,"column":54}}],"line":101},"18":{"loc":{"start":{"line":102,"column":8},"end":{"line":102,"column":72}},"type":"binary-expr","locations":[{"start":{"line":102,"column":8},"end":{"line":102,"column":33}},{"start":{"line":102,"column":37},"end":{"line":102,"column":72}}],"line":102},"19":{"loc":{"start":{"line":103,"column":8},"end":{"line":103,"column":28}},"type":"binary-expr","locations":[{"start":{"line":103,"column":8},"end":{"line":103,"column":14}},{"start":{"line":103,"column":18},"end":{"line":103,"column":28}}],"line":103},"20":{"loc":{"start":{"line":104,"column":8},"end":{"line":104,"column":32}},"type":"binary-expr","locations":[{"start":{"line":104,"column":8},"end":{"line":104,"column":16}},{"start":{"line":104,"column":20},"end":{"line":104,"column":32}}],"line":104},"21":{"loc":{"start":{"line":115,"column":2},"end":{"line":117,"column":3}},"type":"if","locations":[{"start":{"line":115,"column":2},"end":{"line":117,"column":3}},{"start":{},"end":{}}],"line":115}},"s":{"0":1,"1":1,"2":1,"3":5,"4":5,"5":5,"6":2,"7":2,"8":1,"9":1,"10":2,"11":4,"12":1,"13":1,"14":0,"15":1,"16":2,"17":4,"18":1,"19":3,"20":1,"21":3,"22":2,"23":1,"24":1,"25":16,"26":16,"27":2,"28":14,"29":14,"30":14,"31":1,"32":13,"33":13,"34":13,"35":1,"36":5,"37":5,"38":5,"39":1,"40":4,"41":4,"42":4,"43":4,"44":1,"45":3,"46":0,"47":3,"48":0,"49":3,"50":3,"51":3,"52":1,"53":2,"54":1,"55":2,"56":1,"57":1,"58":1,"59":1,"60":19,"61":1},"f":{"0":5,"1":2,"2":2,"3":3,"4":1,"5":16,"6":5,"7":5,"8":2,"9":1,"10":19},"b":{"0":[2,3],"1":[1,1],"2":[1,3],"3":[0,1],"4":[2,1],"5":[2,14],"6":[16,15,15],"7":[14,10],"8":[1,13],"9":[1,12],"10":[1,4],"11":[1,3],"12":[4,3],"13":[0,3],"14":[3,0],"15":[0,3],"16":[3,1,1],"17":[3,1],"18":[3,0],"19":[3,2],"20":[3,0],"21":[1,1]},"_coverageSchema":"1a1c01bbd47fc00a2c39e90264f33305004495a9","hash":"9bd80a84f9210ce22373d2d5dee357d8ab363d7c"}
,"E:\\trabalho\\todo-api\\src\\routes\\tasks.js": {"path":"E:\\trabalho\\todo-api\\src\\routes\\tasks.js","statementMap":{"0":{"start":{"line":1,"column":16},"end":{"line":1,"column":34}},"1":{"start":{"line":2,"column":15},"end":{"line":2,"column":31}},"2":{"start":{"line":9,"column":4},"end":{"line":9,"column":45}},"3":{"start":{"line":11,"column":0},"end":{"line":11,"column":29}},"4":{"start":{"line":12,"column":0},"end":{"line":12,"column":32}},"5":{"start":{"line":13,"column":0},"end":{"line":13,"column":29}},"6":{"start":{"line":14,"column":0},"end":{"line":14,"column":31}},"7":{"start":{"line":15,"column":0},"end":{"line":15,"column":34}},"8":{"start":{"line":17,"column":0},"end":{"line":17,"column":24}}},"fnMap":{},"branchMap":{},"s":{"0":1,"1":1,"2":1,"3":1,"4":1,"5":1,"6":1,"7":1,"8":1},"f":{},"b":{},"_coverageSchema":"1a1c01bbd47fc00a2c39e90264f33305004495a9","hash":"5c39d1690e9bf54138be406bfb948ea5fc81789c"}
}
