TN:
SF:src\app.js
FN:8,(anonymous_0)
FN:24,(anonymous_1)
FN:29,(anonymous_2)
FN:36,(anonymous_3)
FNF:4
FNH:1
FNDA:1,(anonymous_0)
FNDA:0,(anonymous_1)
FNDA:0,(anonymous_2)
FNDA:0,(anonymous_3)
DA:1,1
DA:2,1
DA:4,1
DA:6,1
DA:8,1
DA:9,1
DA:22,1
DA:24,1
DA:25,0
DA:26,0
DA:29,1
DA:30,0
DA:33,1
DA:35,1
DA:36,0
DA:37,0
DA:41,1
LF:17
LH:12
BRDA:33,0,0,1
BRDA:33,0,1,1
BRDA:35,1,0,0
BRDA:35,1,1,1
BRF:4
BRH:3
end_of_record
TN:
SF:src\controllers\tasksController.js
FN:5,(anonymous_0)
FN:16,(anonymous_1)
FN:26,(anonymous_2)
FN:32,(anonymous_3)
FN:33,(anonymous_4)
FN:42,(anonymous_5)
FN:72,(anonymous_6)
FN:73,(anonymous_7)
FN:112,(anonymous_8)
FN:113,(anonymous_9)
FN:123,(anonymous_10)
FNF:11
FNH:11
FNDA:5,(anonymous_0)
FNDA:2,(anonymous_1)
FNDA:2,(anonymous_2)
FNDA:3,(anonymous_3)
FNDA:1,(anonymous_4)
FNDA:16,(anonymous_5)
FNDA:5,(anonymous_6)
FNDA:5,(anonymous_7)
FNDA:2,(anonymous_8)
FNDA:1,(anonymous_9)
FNDA:19,(anonymous_10)
DA:1,1
DA:3,1
DA:5,1
DA:6,5
DA:7,5
DA:9,5
DA:10,2
DA:11,2
DA:12,1
DA:16,2
DA:19,4
DA:20,1
DA:21,1
DA:22,0
DA:26,2
DA:29,4
DA:32,1
DA:33,3
DA:35,3
DA:36,2
DA:39,1
DA:42,1
DA:43,16
DA:45,16
DA:46,2
DA:49,14
DA:50,14
DA:52,14
DA:53,1
DA:58,13
DA:68,13
DA:69,13
DA:72,1
DA:73,5
DA:75,5
DA:76,1
DA:79,4
DA:80,4
DA:81,4
DA:83,4
DA:84,1
DA:89,3
DA:90,0
DA:95,3
DA:96,0
DA:99,3
DA:108,3
DA:109,3
DA:112,1
DA:113,2
DA:115,2
DA:116,1
DA:119,1
DA:120,1
DA:123,1
DA:124,19
DA:127,1
LF:57
LH:54
BRDA:9,0,0,2
BRDA:9,0,1,3
BRDA:11,1,0,1
BRDA:11,1,1,1
BRDA:19,2,0,1
BRDA:19,2,1,3
BRDA:21,3,0,0
BRDA:21,3,1,1
BRDA:35,4,0,2
BRDA:35,4,1,1
BRDA:45,5,0,2
BRDA:45,5,1,14
BRDA:45,6,0,16
BRDA:45,6,1,15
BRDA:45,6,2,15
BRDA:50,7,0,14
BRDA:50,7,1,10
BRDA:52,8,0,1
BRDA:52,8,1,13
BRDA:61,9,0,1
BRDA:61,9,1,12
BRDA:75,10,0,1
BRDA:75,10,1,4
BRDA:83,11,0,1
BRDA:83,11,1,3
BRDA:83,12,0,4
BRDA:83,12,1,3
BRDA:89,13,0,0
BRDA:89,13,1,3
BRDA:89,14,0,3
BRDA:89,14,1,0
BRDA:95,15,0,0
BRDA:95,15,1,3
BRDA:95,16,0,3
BRDA:95,16,1,1
BRDA:95,16,2,1
BRDA:101,17,0,3
BRDA:101,17,1,1
BRDA:102,18,0,3
BRDA:102,18,1,0
BRDA:103,19,0,3
BRDA:103,19,1,2
BRDA:104,20,0,3
BRDA:104,20,1,0
BRDA:115,21,0,1
BRDA:115,21,1,1
BRF:46
BRH:40
end_of_record
TN:
SF:src\routes\tasks.js
FNF:0
FNH:0
DA:1,1
DA:2,1
DA:9,1
DA:11,1
DA:12,1
DA:13,1
DA:14,1
DA:15,1
DA:17,1
LF:9
LH:9
BRF:0
BRH:0
end_of_record
